[debug] [2025-03-06T21:49:57.765Z] ----------------------------------------------------------------------
[debug] [2025-03-06T21:49:57.773Z] Command:       /opt/homebrew/Cellar/node/22.6.0/bin/node /opt/homebrew/bin/firebase init
[debug] [2025-03-06T21:49:57.773Z] CLI Version:   13.31.1
[debug] [2025-03-06T21:49:57.773Z] Platform:      darwin
[debug] [2025-03-06T21:49:57.773Z] Node Version:  v22.6.0
[debug] [2025-03-06T21:49:57.774Z] Time:          Thu Mar 06 2025 23:49:57 GMT+0200 (Eastern European Standard Time)
[debug] [2025-03-06T21:49:57.774Z] ----------------------------------------------------------------------
[debug] 
[debug] [2025-03-06T21:49:57.776Z] >>> [apiv2][query] GET https://firebase-public.firebaseio.com/cli.json [none]
[debug] [2025-03-06T21:49:57.813Z] > command requires scopes: ["email","openid","https://www.googleapis.com/auth/cloudplatformprojects.readonly","https://www.googleapis.com/auth/firebase","https://www.googleapis.com/auth/cloud-platform"]
[debug] [2025-03-06T21:49:57.813Z] > authorizing via signed-in user (moldovan.adrian.alexandru03@gmail.com)
[info] 
     ######## #### ########  ######## ########     ###     ######  ########
     ##        ##  ##     ## ##       ##     ##  ##   ##  ##       ##
     ######    ##  ########  ######   ########  #########  ######  ######
     ##        ##  ##    ##  ##       ##     ## ##     ##       ## ##
     ##       #### ##     ## ######## ########  ##     ##  ######  ########

You're about to initialize a Firebase project in this directory:

  /Users/adrianmoldovan/Desktop/StreetArtPlatformLandingPage/landing-page

[debug] [2025-03-06T21:49:58.161Z] <<< [apiv2][status] GET https://firebase-public.firebaseio.com/cli.json 200
[debug] [2025-03-06T21:49:58.162Z] <<< [apiv2][body] GET https://firebase-public.firebaseio.com/cli.json {"cloudBuildErrorAfter":1594252800000,"cloudBuildWarnAfter":1590019200000,"defaultNode10After":1594252800000,"minVersion":"3.0.5","node8DeploysDisabledAfter":1613390400000,"node8RuntimeDisabledAfter":1615809600000,"node8WarnAfter":1600128000000}
